4768
4358
9155
4523
6772
9914
9775
2142
8675
8224
9946
5244
9873
6185
9436
3283
7923
7666
2257
3541
3885
6553
4467
7441
9548
6459
2889
2695
9947
5623
2212
5683
1683
3668
5281
7193
2687
1626
1864
3477
9738
9579
8336
7953
7314
5125
1293
8668
4167
8621
4643
2247
6347
1432
6223
9544
1291
6352
3843
9957
4235
1131
6229
8271
3198
1222
2345
3756
3838
4866
2725
2169
5187
4239
8919
8342
5797
9688
4878
2877
7519
4734
8479
1927
8363
9462
6818
1338
9182
4414
4419
3275
5536
3161
3767
4956
3641
5768
5952
3454
4115
6582
5776
7578
4487
3811
2258
3167
3255
5798
5835
8192
8172
4214
2712
5566
2954
5837
1947
1183
8197
5175
5937
5146
8863
8998
7827
4392
1599
1692
9321
6422
1436
8344
3559
1968
2458
8616
2764
1974
8221
4423
1829
8697
9616
1866
6848
3692
7767
6425
6882
5236
1643
8757
9911
7545
7536
8965
5746
2637
2688
8989
2611
5687
3193
1824
7119
4564
2383
1914
2729
5686
4389
7967
4757
8729
9414
3168
5988
2699
3948
9665
4753
1458
1639
8918
5483
9812
6548
4882
5625
3276
7435
4159
6625
2674
8193
7645
7939
9227
7944
8116
5496
4685
8626
3783
6474
9342
5761
5257
5925
3925
8889
8825
1648
6733
3796
9461
5112
7597
9647
9591
9843
6514
2564
1729
9131
9729
8671
8366
1798
1891
6133
3776
7736
3214
9262
2178
4435
8676
6539
7687
3478
3998
4153
5842
6544
9823
1858
4618
4651
8912
9724
5238
1684
6611
4985
4113
7214
4978
5143
5495
9564
5663
8462
4721
9157
8987
1993
5133
4972
7116
1125
8386
3824
1679
3857
5696
2476
4916
2192
9792
2584
1883
4783
4864
8821
5115
2291
9881
1994
5843
7197
4186
7664
4657
7171
4962
7339
7943
9283
7732
4536
9539
7494
7387
1437
2732
6373
6374
3771
1628
2498
6884
6577
4856
1438
8358
7927
9183
1479
2896
5748
6414
6878
1366
9829
3385
6785
7849
1124
2354
3542
9763
6952
2391
5851
6518
7675
2855
5888
2394
8274
7766
3174
9237
3469
3891
1163
3335
5295
9431
2651
3676
5777
6555
5229
7145
4331
4973
1911
8214
1428
1227
7335
9469
5355
9177
2463
2659
2782
3526
3882
6647
1152
1498
9541
3441
4854
1346
8767
4238
6979
5484
5984
8838
2593
5532
6592
4766
5636
4535
3288
9416
2772
2678
7194
8227
7333
9265
7651
8799
1614
8321
2299
4682
4343
1832
2742
7976
6834
3661
2616
1379
9259
5368
6636
2869
3224
6787
5817
1285
9976
4732
2948
6394
9677
4255
2686
5578
3166
4997
4795
9489
1744
6839
9445
1925
6829
6314
9573
3743
8129
7497
2668
4278
7975
5935
9533
3452
1796
4828
9281
4192
2829
6186
3374
6646
8315
6296
4615
4596
8292
8622
1118
1233
5658
4895
4838
7192
2568
6945
8234
3953
7993
5329
3918
5341
5219
9757
7359
3768
8855
5985
8384
6252
9288
8597
6346
4291
3447
5579
9239
2955
9786
2131
3662
8212
4896
3922
9934
6781
8944
4976
4887
1742
9156
3156
7614
6457
6859
1357
7611
4971
6941
7584
9139
8898
1844
4376
6674
9543
8147
9629
8724
5639
1861
3775
9715
5164
3637
8567
7415
8566
7869
7243
1847
7836
8427
9568
7831
9648
6416
9318
4338
3145
8568
6443
1711
2165
1719
1467
3728
8815
4136
1264
1834
4924
4898
8922
7517
8338
8759
7946
8686
7763
6317
9993
7542
6477
4963
5188
3659
9945
1175
1245
6726
1882
5732
7894
2647
8666
2777
3211
4726
3974
3928
7712
7168
4888
7796
7437
5626
4218
6241
9849
1353
9962
4894
6737
7963
9892
6894
7951
6299
6189
1838
8297
9683
5516
2379
2422
6573
9481
5688
9774
3141
2141
9435
8512
1217
3586
5763
5251
3827
3624
1246
5565
5583
5476
9363
4555
4833
4421
1621
3844
8128
1612
6339
2536
2623
5871
3522
2821
1311
8133
8432
8778
9893
9483
9335
6962
1962
8584
9567
1396
3448
1772
1253
5818
8196
7571
9387
9325
7423
1129
3547
8425
8537
7133
6384
7871
8273
1491
8531
4771
3628
1177
8339
1397
5571
8318
5535
2551
4452
4269
6194
7551
9339
8134
9971
7823
6797
9992
2221
7598
3965
9224
4273
4433
5681
1944
4889
2369
5119
5769
5725
8112
4474
2776
7964
9423
9663
7978
5398
2831
7376
3731
6689
1392
9529
4187
4349
6788
6271
2358
2275
3419
4297
3278
8611
4412
3247
9596
8535
2774
2928
5215
6899
8726
2478
2765
1151
1219
1316
4368
1627
9866
1426
3383
2726
8546
6439
5186
8474
5454
5366
3472
3182
8644
2334
5252
4345
4254
7275
1119
2981
8218
5659
8286
5218
8756
8988
1589
5774
8753
5324
7919
4558
9234
1523
6672
7816
9636
5387
5737
5745
4355
9369
5936
8418
6832
5242
4946
6267
4477
5846
3457
5811
9853
3763
3143
6191
7569
3855
6669
4869
5314
2851
6623
4398
7113
9181
7484
9486
6559
9167
8312
2144
7293
9832
4983
8747
2228
1326
4284
8492
7723
4624
5531
6981
7956
6328
9783
3515
7695
7595
6883
8461
1757
2265
9643
3772
9719
3532
2321
9933
4411
4579
4384
8277
9269
6627
7914
4718
5716
3997
6444
8687
7262
6417
6574
3365
2783
4571
2679
5372
7317
4648
3512
9785
8397
5959
1948
9146
4129
4521
3785
7896
7491
5561
8367
3911
5875
9451
7496
3657
5831
8341
2286
4713
1784
1277
1644
5153
6653
6966
4645
2191
4994
5171
3162
7511
5657
2117
2854
4266
6681
7271
2976
8578
1324
5791
6935
3679
7417
9696
9296
1935
2755
8929
9984
8967
9926
3597
6337
1879
4251
3378
9582
1196
8525
6951
5786
3979
6685
3863
3243
4588
7226
3879
2598
5231
3299
9255
2752
1145
3968
3177
8243
6471
9619
9312
6614
7583
5473
4182
3613
1178
5497
1676
1515
7369
9442
7493
1391
8245
2526
7253
1565
7762
5836
3192
7697
5168
6861
3615
1671
3821
2423
6972
9374
4772
5123
2936
5296
4861
9488
2296
3633
4834
6547
2937
7334
4785
2327
9198
4747
8167
5921
4592
4244
5346
3794
8377
8237
2717
7653
6937
1584
9995
8545
1598
3235
6125
9838
2387
4975
9179
7555
7751
8466
8563
6656
1698
1416
5996
8741
5525
6591
4623
3117
3914
3363
4696
7144
6219
1281
8615
3298
6156
3656
4527
1951
6964
6371
4325
2845
8843
8645
5336
4574
3476
4884
8669
2348
6281
2375
2516
3127
7129
6359
3983
7283
3468
5913
5924
7717
1635
7974
8514
1682
1686
3371
4181
7159
7146
3189
1111
2556
9874
8314
6667
6665
7523
9824
7259
7693
7817
7719
1576
1244
9222
5591
9463
7269
3473
3892
9751
2734
5342
9176
9169
4134
6792
1128
1859
6993
5587
9784
8713
6426
4461
9826
8718
9114
5824
6398
8211
1647
9986
5449
1694
9595
2277
9734
1992
4326
2328
2522
2833
4112
5224
5727
7668
2861
8797
7189
1541
5812
1977
2987
9379
6458
6453
8223
8258
8981
3711
5363
2998
9782
6524
6988
1554
9576
5431
1513
1782
8178
3682
4917
5749
8649
8826
2444
3191
1256
7474
4322
9165
7861
3416
8324
7681
3116
3966
1661
1342
9821
9865
5619
4693
3157
7185
5461
7594
4347
1112
5965
6634
6242
9364
7132
5184
1631
5277
3296
1667
3289
4529
1912
2778
6134
2683
6694
6891
7121
6566
6778
1345
7572
8154
2587
6118
8142
4216
9357
8114
3565
9864
6965
6836
6956
3527
7278
5235
4481
1398
5893
9517
3622
8667
2856
2461
9231
8483
5771
5684
1133
7429
8323
7885
2324
2238
7416
3435
7596
9111
6857
6437
6661
5813
8231
7479
6211
2934
4195
7911
6546
7152
9674
3898
7774
3578
9691
9274
2618
6598
6172
4482
5957
6428
6697
7938
9588
1768
7249
4948
6364
1996
2411
2518
9615
6266
7261
2571
1236
1567
7373
7656
4175
7867
8246
6372
6852
4845
5433
8486
2234
8498
1155
7477
9925
9473
1528
8732
6969
9854
5671
9217
3445
4485
2759
1551
4584
4473
8374
7431
4439
2632
1833
7347
9656
8361
7619
4341
7174
6268
4863
4131
3262
8599
6435
4712
9955
1751
2967
1116
3155
2895
7561
5489
7187
1121
6774
1939
4671
2748
2227
7332
9284
2626
5429
8954
7467
1464
1536
9857
4629
1292
9371
9999
6628
4858
4547
6668
7757
1172
4683
6747
3172
8893
3531
2371
6479
5378
2393
7337
4886
5353
9275
9669
5152
6484
7673
2388
3395
4569
5279
4544
5498
4756
9979
7852
8618
3765
5165
7456
7599
2492
4791
6264
7218
6322
7859
8382
6995
7742
5528
4925
5575
5274
7465
1185
3326
1959
6173
5356
5137
7232
1362
2789
7315
9756
9991
7592
3366
4857
3969
9561
7355
2333
7466
4286
3483
5415
2118
3517
9434
3357
2979
3261
7381
1975
1361
3744
2419
2218
1323
3393
9127
8431
3797
2276
2973
3741
2944
1623
1218
1341
2827
5322
8763
5969
4912
6589
9399
8764
2491
4464
6649
5428
2489
5979
9358
3297
4486
4394
3115
3642
6992
8959
8217
5946
9437
1455
6821
9687
8795
4495
5333
9572
1981
2418
7318
5753
9163
6946
7393
8625
3499
8662
8917
6758
1816
3884
2636
1668
6335
2447
8389
3926
1941
1315
3764
4432
5169
7316
8162
8296
1632
8585
3551
7874
3739
3938
9394
3394
1539
7966
3799
5926
9553
3392
4594
6321
1591
6343
7395
1922
2347
5861
4454
9417
3451
2648
8412
6855
1136
2839
3327
8419
5425
7237
8236
4221
8473
4995
7357
4846
8896
7147
7692
6198
7234
5258
1295
8734
6716
9519
1475
6954
1388
3123
7971
1792
9578
7224
2264
3678
5278
3651
6447
5117
8955
6723
3833
9913
2329
9475
7444
6467
4494
4966
1276
1649
1815
3949
1274
5597
6921
6567
1868
4212
1466
3258
3981
2779
5385
1762
3643
7791
8416
1184
2127
1472
1487
7824
4932
2126
1984
5884
2474
6895
8287
5381
7881
3652
6721
7287
8678
9454
8267
6177
7883
4843
7324
3614
2137
2443
4264
4987
7181
9453
4424
4877
9184
9918
7319
4327
1714
2136
3338
4675
8282
7526
8938
5179
8749
1855
4913
7372
9412
1688
6824
2193
4745
2284
2745
1447
8263
7786
2922
2182
3367
4514
7158
7821
6776
6253
6557
5564
6119
7815
4787
5453
6959
2239
8435
7161
8677
3291
9623
6819
8556
3352
2857
3791
4256
3386
7199
5486
5124
1457
2168
8892
9759
7889
5442
5255
9921
8574
2125
5661
5992
3972
6197
3724
9249
3414
4673
5455
5491
2267
2671
8813
3536
5873
8596
4329
2513
2897
9585
4926
7449
6325
6243
6914
4299
9427
8549
2918
5864
9261
5523
7321
1685
2913
8356
3865
2183
5441
9827
4614
5157
1471
8672
2381
5527
2451
8674
9444
5699
9211
7487
1553
2949
6441
4328
4593
6831
4196
9728
1559
2245
3675
2398
9678
2495
5474
8679
2431
8171
8613
4587
1754
7348
1564
1743
2927
4351
2337
2473
3658
3244
6875
9768
6341
1364
4961
5765
9297
1527
5672
4699
4287
5722
9847
7236
1284
8247
7488
4446
6315
2172
8862
9891
4782
5956
8153
5855
6278
1378
9496
9546
8252
2459
3519
7427
9822
4472
8183
5728
4824
9278
3439
2487
9421
9923
2884
5151
2297
9446
5416
2338
6633
1892
8135
6773
8383
8359
8518
9528
1448
3816
6421
5555
8559
7843
8143
1297
7994
1445
5291
6916
6851
7643
1986
3341
6811
8746
2794
8198
2279
7576
8229
2664
5457
2312
6313
1943
3231
1532
7649
7652
6621
3933
3144
7829
7544
9721
5616
9818
8792
7454
7179
4243
2635
9632
1985
9861
6874
1783
6724
6183
8164
7694
8184
1482
7794
8444
9214
3339
5785
5754
6176
4168
4147
3471
6613
8458
7267
1225
8659
6585
2436
1143
6149
4649
5756
8739
2484
5799
5256
1878
4561
2681
7798
8829
3181
1194
1249
8911
3125
1232
7644
2978
1251
3321
7438
6886
3281
8629
6319
2847
2273
6464
8884
9565
4219
1322
1678
1936
9778
7828
5268
4285
7847
2842
2999
6486
9241
4434
8725
1899
4819
8692
2226
4559
4425
9716
5676
2627
6528
3954
1653
6473
2566
8934
3355
4698
6552
1545
3343
8316
9215
9862
1822
4769
7772
2883
7892
2569
9679
9997
5444
2572
2374
1749
5898
9699
4794
2971
8848
7356
3936
1115
1973
2469
9132
6543
7564
1689
1738
4891
6542
1721
3693
1827
3575
6796
8465
2216
5318
3617
7558
2992
9494
6413
4484
4879
4427
1727
3788
6642
1313
4937
6262
8468
2692
1831
2921
6794
9248
8187
5983
2155
9742
9748
2162
7628
5967
3194
3869
8434
5613
3876
7483
9723
4372
4551
5458
7392
1332
9798
4466
6168
3734
7532
7893
5788
2786
2213
6953
8886
5475
6165
5968
9787
3673
4459
9753
2894
5715
6554
7112
3878
2974
3757
5263
8593
9741
9253
7313
7247
2567
7143
6879
9295
8865
4346
3322
1411
9726
8414
9482
3332
7729
3935
2968
5463
2579
9329
3498
5129
7396
8657
1873
3387
9626
7284
2986
3729
2743
2746
1585
1854
5396
6889
3832
2397
7386
3152
1239
3991
7745
4516
5286
4236
5195
4141
2887
8272
3589
3758
9556
5487
1717
5917
3562
5729
5679
7633
5762
4144
3344
1421
5275
4121
3252
2899
2822
5326
7552
2534
3732
4342
2633
6842
9485
4719
6738
6985
7631
2396
7419
2254
9443
1446
3222
5436
3895
6989
3159
2574
5349
3574
7989
1658
1161
3566
9942
7856
3883
5298
1267
7173
3697
1234
1597
5543
2468
8489
5243
1427
5584
7276
1469
7972
4537
1877
3733
1497
8715
4793
9571
5375
8179
1733
8789
2795
6469
9917
4581
3762
1257
5977
8992
4353
8774
2425
7567
7329
8365
5815
9493
2139
1254
5388
6686
7641
8984
4352
2988
2229
6472
4468
8817
5767
4361
1814
7661
7917
9492
3592
1972
8873
1946
5317
1547
5654
8379
5834
9731
6445
1942
5637
7735
4245
6637
9464
1393
7588
2236
6994
6517
6395
8872
1917
6235
4999
9985
2452
1127
9252
5311
6199
3587
8113
9193
3963
7634
3737
2825
7983
9713
5772
1431
5399
6562
1884
1179
6865
9613
9189
1114
5975
4874
6742
3577
6196
7364
6587
3977
6376
2414
3354
1787
1739
8199
9682
9813
4829
8936
3459
1441
9119
5241
3638
7686
7175
9617
4176
3573
3723
1299
3279
2631
3585
1715
7126
8866
2412
3929
5518
3752
3417
8516
6269
3946
7868
6932
8737
6854
2535
9953
5331
1766
2185
8577
6892
9899
6643
8269
8963
5196
8772
8481
1837
9689
6155
6418
2293
1275
7969
8968
2893
2785
2581
9531
3992
5467
8228
7252
4687
4832
4959
9747
1537
3646
8477
4497
1235
7778
5916
8728
7245
2138
1821
4531
6316
8456
6761
9559
9781
5787
7787
5113
6581
6871
5976
2433
5166
7979
4116
8785
5479
9168
6481
7176
5685
1555
8819
6377
8654
6465
7151
6171
8266
9968
3629
8191
7211
3324
9736
1583
2272
2152
3985
1725
7918
2694
7196
9693
3943
1841
5862
9943
5248
7264
1797
1381
4575
2237
3237
7746
4929
7877
3793
2586
4634
4678
4483
4692
4848
8448
7125
4652
4598
5517
5321
7771
9311
6599
7139
2754
7958
9294
6244
1918
9593
3846
7932
2864
7657
9365
9762
1716
1382
7191
2761
3866
3964
2362
2942
5899
1465
1963
2434
2187
1221
7229
9966
4942
6141
3986
4123
7929
2255
1548
8928
6545
2762
2269
1617
7294
8283
7685
1952
4694
3859
4764
4442
9965
1718
6814
5343
3777
5462
2251
2225
3612
8933
8392
1581
8858
9779
1722
6868
6986
3323
5844
2997
7265
8832
1334
6536
3994
6366
4323
5726
1818
8357
3165
7789
7768
4727
4231
5793
6385
3978
3212
9536
3845
5923
8943
7625
3226
4191
1756
9513
2792
7297
4644
4387
7296
8784
3453
4451
9799
8867
6622
8136
4823
9116
4728
9175
9554
8213
2941
4135
3558
3345
5918
9368
2517
4413
5499
7239
9797
4563
1699
3491
6845
3129
6736
6847
6217
9922
6698
1826
5863
1592
6334
9718
9586
1174
8993
7499
5764
6355
3932
3715
4279
3616
1189
4947
2194
7617
5348
7728
1764
5176
2435
2211
1842
8225
6224
5337
2891
6218
8891
2875
8329
8251
7554
1296
4786
3411
4595
1512
8472
2132
6358
1373
4637
2439
6535
2176
5427
9484
1732
8814
1242
7945
4348
7941
1889
9333
5221
8781
8176
5323
5265
6136
7227
2377
9293
8723
4986
6984
1664
2421
6948
3428
4822
9422
1634
1915
3488
8289
8442
7111
4337
3897
4934
6213
8977
3248
5359
8571
1273
5254
1451
4455
6748
3872
6618
9811
7378
7627
6887
1192
8421
2266
8422
5552
1237
7995
4133
2885
5266
5826
8811
2285
7117
7215
9522
8926
7985
2642
5991
9566
7485
3372
5199
5139
4611
2217
6114
2428
1157
8443
6449
7518
7629
7982
7123
1594
6336
8438
2171
9558
9653
2364
5922
7713
7952
9499
6499
7225
8653
3544
8888
8354
4237
6943
8619
3284
7887
9929
5958
9887
3921
2385
3784
7127
1538
2339
4763
4441
7667
3529
5752
5741
5944
6563
1226
4881
5213
5643
3479
5646
7688
1998
3982
8447
5876
8215
2873
9894
6187
1969
8526
9228
5344
3655
8513
2832
2939
9535
1269
9869
1713
2749
8638
6791
8581
2177
6955
1365
5675
7469
5237
9896
3486
6911
3232
6122
7222
6275
2817
5376
6593
7382
3975
8335
2753
9171
2617
3727
3798
2614
6411
3984
7399
4276
3591
5585
2346
3179
8972
5494
7422
7654
8583
7613
2366
2531
7149
4194
8539
8823
3738
5192
6362
4391
1933
2263
7217
2863
2835
4493
2741
2326
6856
3789
5845
6942
4151
3999
4641
8765
3434
6531
8349
7169
2427
6949
6326
1741
4397
3555
8541
7165
9351
7773
4965
4542
5459
6212
3626
4989
5285
3213
5526
6576
6511
7853
7418
3458
2969
4362
8831
6638
1638
7818
6356
3259
8861
4872
3164
6789
3889
1549
2287
5253
9725
9135
6635
2557
5227
7299
4724
8391
9221
7361
5714
8633
4669
8979
1896
5964
8775
1259
9424
4844
8948
4814
2315
5111
8337
6383
3267
1561
9575
2995
5411
6615
4263
3397
1789
1573
9951
2488
2758
1735
7489
6816
6162
1331
5468
4735
3819
9646
6349
7585
6924
1677
8149
8371
7156
3818
3333
1238
7298
6115
2767
1123
6744
4339
8641
2843
2585
2812
5464
5841
9491
6298
1336
1252
9474
2993
7884
6368
2355
7172
3787
7538
5118
4193
5735
2242
4357
4781
8847
6583
6288
1488
9327
2654
4492
4993
5966
6888
1429
8423
2961
8517
9457
2763
3627
7453
9871
5537
9814
2728
7678
5912
1893
8639
6718
3841
6739
4517
2548
7562
8496
3183
3854
8586
7397
9773
4318
9878
7984
7912
1848
5962
7323
4354
6714
8497
1492
4275
8664
2158
8148
9518
8536
8293
4138
2956
5751
9898
1636
5892
9279
8717
6639
3146
4479
7513
6551
7863
6719
7367
9569
3399
6987
2965
9915
2638
6777
1646
9996
7345
3923
1723
3313
8158
2197
4453
5572
9511
6657
7353
4462
3464
1486
9625
8849
2563
1795
2747
7413
7163
8793
3644
1248
2859
5891
9735
9848
6651
3138
3199
3139
2797
9949
7638
1495
6375
9356
3598
9479
6329
1266
1593
4988
9658
8259
1645
5915
7915
9714
5249
6427
1358
6236
6666
9631
9795
2214
4552
5869
1435
8575
5134
9226
4599
3475
8636
5927
6745
7589
2331
7935
7425
2769
3497
7621
2771
2532
8445
6833
9621
3424
8828
2739
3446
4259
7148
3422
5573
5147
5582
5391
8658
6645
4646
6922
5897
6478
2246
1726
4968
2161
3621
8494
1989
5885
6195
5766
4431
8996
1575
3484
5961
2314
4549
6798
6699
2597
2823
2454
6812
2356
7385
4773
1746
9746
2357
9532
4222
1483
1971
1333
4381
6617
1534
4582
8398
2628
3781
9583
7698
4914
8396
4815
5868
2919
5181
2661
6823
6968
9589
9599
6255
9537
7251
1188
3113
4796
1156
9641
3384
9389
9863
7747
4143
8614
5889
4246
6728
2622
1318
4875
6648
7525
9497
5859
7325
3221
5182
3331
7455
9471
9697
3521
3242
6497
5717
4557
6976
1613
4617
8682
9796
6558
8226
3766
5352
6765
8769
4283
1886
3277
5858
7516
9147
5222
7186
5392
1777
3315
4296
7362
1967
1468
9338
3543
6537
2547
6379
4636
1454
1526
5148
4223
8727
5434
2868
6925
8333
4851
3956
1394
4524
6729
9685
1376
8931
7476
9126
8937
7277
2382
1368
7957
8543
5292
7371
6245
8127
9737
9594
1665
3229
4229
7244
2958
8696
7198
3588
9411
1321
2124
9981
6846
8915
9316
9247
3625
8816
2824
5823
3126
2675
6741
8446
6369
9577
3875
5154
9662
2775
5878
1241
5423
8572
8852
5149
3314
7575
2438
4546
2953
9125
6825
5389
4876
4663
8343
8538
6569
4185
2964
9958
5896
6161
3257
4964
5245
8648
4957
7295
7624
9352
1348
2773
5259
6564
5632
7384
5511
5627
3718
4811
9162
9776
3377
2615
6929
2634
2341
1869
9956
8141
2544
4157
6274
1459
4722
9438
8495
3837
4288
7934
1937
6786
4171
7744
1282
3173
1755
5225
2914
6434
8216
8991
3264
8375
5734
9639
9413
4253
6784
4512
3514
2365
5755
3751
6126
7486
7154
9883
3523
6331
2249
5599
4127
5874
8122
7988
8118
3124
3941
1356
9695
1582
5581
5414
4922
9197
1895
4723
8663
7311
8635
2372
3516
9711
6113
5319
3813
3429
9355
4379
3482
9927
5611
9397
1493
7587
4525
6898
2395
5549
2196
5197
4111
4324
3773
4333
6864
4137
4638
7648
4899
3153
2736
1875
7962
5617
7131
6822
3893
4371
1212
6151
6188
1558
6324
9664
6844
5879
5963
5954
8794
2592
4759
2519
9447
1312
2166
7336
3356
3561
7872
5383
2445
1596
8242
3967
4122
7913
7848
2975
2145
7492
6351
8783
7898
5742
7183
1533
9972
3228
9236
4281
5887
6247
2462
1154
3695
7412
3358
2292
4257
2271
1916
8475
5978
1966
1147
1122
6912
3856
7512
4334
6143
5521
2555
1195
7331
2481
3753
8689
6137
3142
5596
9328
1666
8949
4519
3285
9377
5677
4199
9117
9698
3683
9393
4166
7814
6353
7838
9633
4363
6918
8698
1283
1881
2153
5948
3149
8812
9994
8424
3184
5973
1863
4513
4813
7553
2653
7115
8417
7565
9836
7529
7563
4731
6841
4298
4125
6826
9153
4543
6915
9477
8878
3725
7443
7177
1556
6677
6512
3135
1522
4928
8257
2512
4984
1474
2698
7672
4742
4684
6333
8156
2984
3937
6498
9851
8547
8695
1574
6523
4114
1839
3511
6455
2711
2853
4463
7749
4233
3273
2669
6631
2429
2841
4668
9258
8152
3217
9376
6378
9523
8235
9337
5994
3426
9323
2892
2596
2684
9941
8493
8331
4776
6494
5194
8551
1477
4778
5351
4422
7463
3218
1662
6556
9257
1494
8376
7421
1736
4633
3132
5373
1531
9141
4639
6154
8255
6451
9637
6228
6144
3759
8842
3677
4825
1461
8117
9524
4295
8798
8958
4344
6135
8834
4567
4262
7854
2289
5856
4589
8722
8264
9938
8532
6588
8555
5953
6214
9611
9495
8827
8348
4812
5443
9415
2844
7138
9614
1928
8244
9755
8573
5595
2793
9378
2424
5435
5955
3795
8233
3742
3158
3423
8521
8685
3599
9263
6284
3195
4681
3579
1359
6939
2966
5711
8368
2156
3829
4996
6533
6254
9948
5759
2538
4931
9856
1894
1197
1243
5272
8484
7726
3431
3786
1931
9649
9133
6277
9598
5141
9964
4163
1171
1557
5485
7122
5723
6456
4499
7615
5775
8527
6678
7242
7721
7833
8278
6571
3312
5738
6476
7285
1934
9581
3388
7434
6693
6655
1288
9845
7268
7785
7718
9852
6295
5446
5492
8569
2673
1871
6342
4661
3596
7724
8966
7711
6917
7891
2613
1964
3871
8378
2541
1363
2143
4743
1696
2163
8322
2122
9336
5938
1372
4967
7761
2533
7548
1691
5881
5739
9534
7858
2448
8453
9584
8631
5731
2871
3686
9651
2235
4789
1651
6238
6215
6432
4377
1158
3171
8175
1852
4528
1562
8779
4762
3557
9842
2713
1478
7341
3134
6896
7992
7166
1132
6735
2881
5833
2888
9334
8262
9142
8971
6947
9137
5469
8673
5551
8482
9299
5519
3688
1173
2715
7216
4568
6572
6869
9717
2963
3831
9895
1955
6973
9937
7865
3717
7114
3227
9944
9359
1872
3539
7233
9791
1484
7468
1919
9232
7528
4539
8275
4655
3474
6764
9118
5178
5557
7162
8924
9315
3121
5712
3666
3245
9158
8295
3685
3239
8868
5369
8281
7338
7537
3359
7646
1153
6297
3548
4839
9655
1976
3251
6462
4566
2757
8433
1294
6323
8119
6489
6251
3256
9788
3292
9196
2573
3719
7834
6193
8661
3361
5445
6837
3881
4449
3444
8387
2195
2931
4396
6112
6386
2521
2224
3976
2552
1785
6687
8788
1845
4577
9681
5638
4853
8787
4172
4179
2724
7925
3368
2667
8699
9552
9347
1769
7574
9273
6226
1385
7327
4475
3582
6491
4616
3572
4242
5477
6327
5334
6732
2644
2378
9148
1566
5698
5538
3849
6762
7312
7835
5437
6876
9276
6292
9627
4697
8294
7977
1991
9348
6357
3336
6256
7326
2441
5264
1511
1945
2384
2134
4758
6527
2796
2457
7813
8165
7593
4188
2737
7797
4841
2784
7822
7366
1655
8265
2119
5649
8485
1473
4688
1629
5367
8711
2392
2114
6163
3919
9816
5721
7248
4933
2677
4944
6361
3334
5981
6692
5163
1786
3748
1344
1413
5886
6222
3595
7581
6983
2115
2799
9429
6725
6397
9868
9961
3169
9628
7949
6169
8594
7274
7777
9344
7577
9935
9936
3432
1231
3962
5647
5426
9244
6184
8951
2816
1793
4268
8887
9289
6158
9587
7375
5167
5529
5488
1298
3233
1587
5733
9597
1862
4665
6179
3492
5629
3317
2756
6828
1395
1542
7153
2351
1117
3761
7999
8628
8327
9395
1619
6276
2471
9919
8241
5563
5839
8426
2465
8883
4852
7258
8894
5315
3294
1443
2496
2848
7622
2991
8169
7851
3665
7996
3842
7758
9385
6312
8185
7424
4919
6438
7637
8395
2619
5674
1938
5364
6466
5417
9752
5624
5995
8121
5283
2658
3433
7541
9455
7543
6734
9657
2947
4923
4165
4496
3364
1812
3834
9353
8683
7546
3563
4695
4578
2288
9285
9879
3342
3533
7482
5773
4118
2923
3636
1731
8941
9418
7219
4945
3778
9341
3234
2943
7997
9286
6565
2946
1198
2261
6382
3674
3128
9766
8579
5852
9319
2167
4938
9229
1514
4885
8655
6131
4458
5778
9671
4498
9242
7764
2719
7671
3769
7626
8844
7998
8651
6877
4274
4548
9758
8895
6192
5127
1444
7389
4488
2575
6415
5456
6793
2594
5656
3241
2529
6279
5974
8744
3461
1687
1625
2278
2116
8436
2862
1337
1579
8652
4659
7811
6249
7819
4737
5451
3311
6597
9557
4656
9638
5784
1954
7793
1642
2344
3913
2639
8587
1633
2814
1191
9777
1767
7221
2282
4426
5822
5365
8824
4393
4821
3556
3436
5694
9243
6492
2819
4383
4226
7825
4444
5648
4164
4867
8157
2466
4686
8139
3111
7343
3396
5339
9939
8298
7212
2268
9267
4272
1186
3973
6446
5827
7266
4152
5116
8288
6652
9673
7931
4277
8413
7322
3635
6311
5574
5282
3438
5825
2599
2672
6998
5262
8742
1399
7342
2453
2588
2577
5697
9264
7533
4733
3466
3286
8693
4265
3853
4356
2685
3867
4436
8712
9178
9963
4374
6515
9322
5239
1516
8935
5669
5795
1215
1624
6684
4169
4154
7734
2751
2876
4178
7753
6259
3389
3924
7428
6996
5779
2787
5413
7733
9525
2241
8393
3513
7383
7136
2426
6768
5452
8188
6813
6164
7246
4628
9254
7451
1272
8562
4658
9134
8161
2872
9931
3989
2879
8768
1674
7459
8745
1224
6974
6261
9161
2184
7635
9372
5931
3649
7781
6676
3917
2482
8317
9833
9831
9969
4158
1641
7582
7731
5553
4447
1375
4457
4321
1418
6999
3916
3427
6663
2718
4982
9361
9166
5614
6181
1453
1856
7447
7737
6175
1279
6746
9441
1865
5588
3379
2727
5284
7213
4471
3812
2543
3664
9129
4921
1499
3443
5641
9793
8469
7947
4935
4752
5794
7328
1452
7623
5796
8588
6227
6575
7515
6711
4554
9251
7779
7642
6128
8957
7639
5335
4518
4927
7426
9828
4252
9366
8163
1956
2523
2798
9449
8529
8864
3119
5211
2768
6584
7714
2128
8973
5316
5854
4717
6928
2336
8195
8319
6132
1148
3623
2472
7414
4418
3681
6482
6759
7876
4958
2994
8522
1263
9292
3862
6866
6626
3887
5422
2281
9547
8964
8528
6817
1543
7866
1415
9233
5828
2932
3535
8239
5789
7663
8634
1164
3425
6225
4612
7715
1773
3369
4443
5819
7722
3726
6283
9652
5941
3955
4437
5193
2219
4647
7128
5541
3391
5667
9769
3696
8249
6541
8352
4679
3287
3274
3268
9819
6641
4576
8877
5562
1611
2129
5857
9498
6695
3694
8752
1737
6961
9867
8284
4367
1588
2417
2646
7231
9692
3861
6595
2656
9555
5362
6485
3576
3584
2972
1524
9727
4677
6624
8168
2514
6258
6529
9733
6488
6977
3316
4739
2367
4189
5174
9982
4729
6754
2159
8557
2625
1752
4139
5914
5293
9375
4842
4746
5297
3154
2146
2537
1433
4515
9855
4395
5939
6157
1216
8523
3337
4865
3362
7461
8346
6257
2714
9216
5838
8576
2558
3175
2499
8248
7223
7539
5269
9521
1771
6442
4225
4388
2867
7659
5418
8691
5138
1758
9362
5693
8818
9975
7377
2837
4145
8956
2542
7256
4228
3295
5397
1213
2298
6683
6391
9761
1138
9515
2295
7442
8836
8222
9642
4428
8125
8411
9456
3455
8853
3634
7178
4749
6838
7556
3736
6944
1317
8388
6174
3568
4847
1371
8548
7832
6429
4128
7433
7272
4132
7862
2546
3215
4149
5758
2353
7273
9219
6117
8111
6412
4532
1874
3987
7457
1929
1135
2456
8845
3148
3647
3265
6516
8554
5989
7281
7926
7591
9346
3836
8565
8254
8623
9973
4117
9661
8385
7349
5678
8439
2283
1137
7235
1383
4332
2148
8983
6263
4267
4911
1149
6493
4873
4241
5466
1126
8155
5821
8334
5217
8326
6658
1144
8766
4827
4232
6923
4974
9159
3839
7473
5177
8457
2938
8939
1988
6596
4213
1876
9128
8947
6265
5478
3554
6849
6519
9858
4292
9212
9694
8524
3699
3462
5482
1779
7933
6931
6579
5652
4522
5214
4378
1476
8714
7986
5131
9618
7351
5982
9476
1419
6436
3564
4385
5645
8598
4676
9516
1953
6159
4215
9794
9112
4126
5634
5432
3382
4751
8488
7754
1544
1417
3437
8589
6662
2849
6712
7352
7549
4373
2874
5198
1616
9398
9654
7618
9897
9624
7241
4674
2112
8952
8144
1166
6221
3147
7739
5394
6111
7279
9373
5895
6287
4943
7699
6629
5393
1351
5377
1168
8299
7344
2248
9425
7263
3196
9173
2813
6991
3912
1485
8982
8291
1142
9574
1546
3894
1139
8762
6354
8441
4247
8592
6755
3528
1595
6526
9645
2467
2123
5576
9859
8166
4799
4952
6659
7928
7741
5273
8854
6783
6717
3456
2359
7566
4788
1374
4775
3745
8238
5246
7292
4613
3645
6893
3249
9684
3282
7684
6487
8159
2911
4319
4632
4366
5999
5951
8595
8997
5347
1748
8186
4438
3398
9343
4456
9744
3553
4979
1867
7937
2576
7864
2363
4448
7388
6671
2113
3238
5142
8351
7436
2957
4317
9916
3961
2262
9526
9287
5932
5942
5289
8914
6148
1823
1258
9545
6799
5673
6749
5228
5933
4672
1335
3631
2243
3698
5533
5695
8124
9282
5847
8754
7557
8428
3465
5312
7647
9314
5589
5325
9388
9998
1747
8796
1563
6139
8945
2561
3412
7524
7164
6234
5144
8553
4541
7665
1577
3886
3178
4583
3254
9465
7837
2866
9634
3131
3689
3951
9238
9123
5615
1489
9191
6392
6853
1675
5592
2527
7257
8859
6561
7826
8279
6586
4156
4174
3583
2983
9386
9213
8923
3421
8189
9154
5882
7691
1255
4784
9712
1652
5719
9122
2376
4859
8694
4386
4591
6166
6272
5546
9121
1759
5135
5465
5972
3899
3266
5633
4415
3349
5313
5419
1817
9967
7961
3877
2164
3749
2652
6424
2663
2485
1328
1535
1578
1261
4767
5743
8994
3792
8897
2464
7738
9383
8835
4939
9989
2121
4511
6124
5357
2215
4335
9185
1794
3779
4227
4476
8126
5395
3187
9433
9458
9974
9514
2154
6913
4314
7228
5234
8617
2475
4538
7238
2524
6423
1775
7981
4868
2399
4399
9246
2643
6178
4162
1846
5993
2791
7616
6713
4725
8194
2319
6578
3934
5185
2582
1463
7464
5558
7857
9143
3185
2886
1913
7752
5832
5126
4627
2449
3263
9732
3216
9478
8646
4977
7959
1849
6525
5655
9767
6367
2858
1825
8875
8471
9354
1552
4533
3957
1481
6675
8665
2179
5374
2294
5515
8151
6147
2595
7743
4211
3851
7586
8268
8969
4224
4336
5664
1229
3927
4777
9978
8961
3944
2917
4545
3449
8347
7842
3518
8976
5554
3495
2612
7792
1571
2693
7775
4741
8137
4586
3567
7765
3672
8123
5867
5371
5986
8656
5173
6233
9644
3467
8138
2578
3995
8544
4779
6273
7844
4294
6767
5544
8515
2662
9635
1813
7547
2629
4991
1193
4282
7134
3864
5668
7137
2313
6934
3939
5155
3319
2525
7655
7795
8115
5345
8313
4936
1851
9381
1673
4382
1182
8519
1176
5328
5158
1923
4831
6344
2559
6285
9448
7255
2545
4816
7534
1697
8856
4248
3373
9884
6715
3581
4572
9875
8261
1568
7948
6743
7135
2977
7184
9886
9468
5513
6454
1999
5894
1329
9754
4416
1412
9332
1113
8415
2935
9666
4234
1843
8429
2198
2549
5998
2497
8232
2926
2657
9983
1995
3952
6461
6246
3418
7498
5577
7446
9837
7875
4311
5512
6538
3549
9877
8582
2352
3714
1978
7521
1657
4359
9771
9392
4662
6978
6294
5568
2562
2477
1982
7286
1423
6448
5128
9676
6688
4955
7282
8491
1781
6232
7677
5644
1983
9834
2151
4417
2343
9145
6958
1734
4316
2826
9825
9817
1389
2697
3272
1271
8642
3186
6282
7124
9256
6393
9846
9932
3713
2735
4526
2916
2479
9138
7879
9839
9298
7354
5524
9428
3325
6116
5191
8857
5424
7683
9324
8345
1369
6348
3493
7458
9291
4765
4666
8748
7254
7679
9152
6389
3896
9743
1932
7288
7924
1162
4565
3868
9459
9527
8684
1888
1518
2416
6673
2925
2173
6862
2325
5183
3133
7873
5136
1656
3663
5814
2689
1287
2781
8364
2253
9542
1811
5548
3351
3594
9954
4573
3825
4597
6795
2553
6237
3669
8399
2415
6753
7478
4818
2199
4691
6782
4562
4289
3346
5947
7782
3163
4738
5354
8451
8782
7632
4642
5853
4754
4744
9432
1268
2389
2665
5651
5294
4198
8975
9765
4177
3118
4445
1836
2996
4915
5156
5287
6843
8731
5929
8974
5122
4941
8449
1791
9113
1165
1214
1247
6967
2878
1228
8311
8839
2342
5593
8612
5569
6644
6532
7182
8721
8932
8627
3835
9382
6982
6897
7475
6138
8463
8719
6521
5635
9672
5877
9277
6129
6248
5332
1278
1425
8564
1424
5594
1525
4797
6957
2311
1799
1211
4969
3569
1325
9592
3848
3219
2811
7439
7157
8369
5631
9266
6933
5618
7689
5226
3858
1449
9772
2322
4817
8325
5943
9466
5261
4622
6766
3782
1788
5412
1857
9815
4992
4862
9487
9199
2135
9326
4755
7755
7784
9419
8841
5757
2898
5471
5642
7365
5384
8552
4836
5145
6318
8558
1262
8925
7882
4714
8751
4155
3353
7674
3755
6419
1765
9563
2511
8637
1887
9959
8773
2982
6153
2716
2386
7682
8253
4469
8837
4313
4271
2933
9223
5848
6619
8688
8738
8871
6722
9667
9174
2815
5849
1319
4798
9164
4792
8511
8953
1615
8885
6146
8177
7368
7696
7142
5682
6858
2641
6291
9924
6775
7676
2554
4621
7968
8735
3817
3236
1339
5691
1763
2133
5628
2368
1343
5598
2515
3442
8882
3632
2682
1521
6167
5919
9885
2649
6835
6691
3716
8381
1987
6867
1354
8758
6769
5883
5872
2318
8276
3746
1286
2256
9396
7916
4315
6779
3828
9439
9187
7636
4312
3122
2985
8962
3653
7289
2583
2259
1924
7531
8743
4953
7812
2766
3915
8881
2493
3931
3618
6549
8146
2621
1146
1778
7155
8913
9317
1414
5189
6885
9271
2959
6815
2483
6997
8464
9622
8869
5212
1141
4826
4556
1669
7846
3269
9345
4183
5448
3971
1885
6936
3959
7346
3847
2233
2731
3381
2565
2722
4217
6771
7888
5542
3712
2335
2818
8533
6396
8632
6696
8285
7514
1387
1819
6616
5934
3318
6468
6731
2413
1835
2181
7432
4364
5361
2951
9844
9549
6827
1654
4631
7573
5358
3571
4293
7662
1456
1569
3112
8561
8487
6863
3815
8879
2149
4369
4161
1586
5386
6682
3188
6363
5567
7394
5744
5781
3348
6938
8455
9977
8876
5299
3225
3546
3223
1519
5472
6433
3611
4365
6568
2317
6387
3545
5114
7841
9151
6452
7936
1347
9562
3747
1958
1997
8459
7118
3494
7452
5547
5782
8328
8761
8454
7799
2232
2442
9136
8173
3735
8771
4489
2147
2836
9172
5622
8846
7462
9331
5338
1774
4855
4197
2912
9115
8362
6632
3667
3137
6431
8145
5718
1961
4653
1853
7445
2744
9188
8437
7291
6239
1223
7783
9472
5132
1921
7942
4173
1745
1965
9272
5439
5621
1181
8131
8755
1187
4465
9538
3293
4883
7954
2666
4849
5662
8999
5161
5271
9739
4981
3958
3993
3648
9426
4954
3537
9194
6293
9551
1314
9391
6679
7612
5971
2924
3246
3197
7759
8986
2691
3619
4892
2175
8256
5288
7895
2111
5987
6286
2361
3593
5421
8851
5447
6727
3988
4534
7374
2915
4736
6975
8499
6496
5997
1367
1659
4918
5586
8355
9245
7776
9764
9749
1724
1712
9872
3347
7987
9876
5747
5816
8373
8736
3671
3814
1672
8452
8899
6332
5216
6757
5121
6881
7897
4491
5379
5382
8927
9928
1169
5559
7855
7411
1439
1434
7955
1828
9192
2437
5522
5159
7579
5172
5556
2316
8181
9722
8791
9235
5689
2788
8219
3375
7769
9889
3873
8786
2846
5866
4689
2244
2645
3376
2274
2332
5493
2723
3496
6182
9789
7481
1496
4625
3485
9745
1728
2252
4148
7195
5223
1761
2486
7922
1517
3271
5612
6927
4716
8833
3328
6513
7522
5438
8776
8921
6495
4146
5945
8716
2349
1979
8916
2494
3114
5539
3684
8978
2962
3722
7568
9512
3136
2676
2231
6345
1377
5534
4184
4837
8394
1681
9612
6152
2838
2696
9225
6483
9912
9195
7472
7839
6365
3721
9882
2989
3463
5792
1352
4119
8332
3691
9349
6381
3888
7379
2373
9841
8822
7886
1199
2733
8174
6756
4258
1386
4667
7495
9835
4835
7748
2528
6654
4897
3487
2188
5232
8874
7535
1384
2189
6873
1572
4375
7188
1265
3654
2945
7725
2828
8985
1422
8942
6919
6963
1776
8995
5911
6752
9987
6534
7658
4619
2952
2186
8478
5247
1949
9313
9367
1897
8534
8372
4635
9988
7527
4124
5666
5865
1618
6522
7391
7965
7921
8643
8467
3687
1898
5713
1926
4626
3176
9218
1693
6612
2446
7899
6463
7756
7669
9659
3415
2432
4585
3489
3151
2323
3996
3823
2222
5736
8476
1622
1167
7559
2738
3524
1442
7363
6388
1134
3774
5545
7845
4711
3253
2591
6971
2721
4261
3639
4871
3947
2655
5233
6216
1529
6231
6475
6399
7973
8353
5162
9686
9384
2539
4949
1695
8624
5665
8132
4715
5276
4774
8591
3538
3413
2834
1637
8733
1327
5514
4478
9149
6127
9888
8777
6926
3852
7398
1289
4553
1349
6338
4249
7448
9952
1753
4142
8182
5783
5653
4748
9124
5481
5327
5928
7471
6594
5724
6145
3329
9467
7878
2865
4893
3826
4664
8946
8681
7991
2624
7727
2223
4998
9144
1663
6123
3754
7167
3945
7716
6751
7358
9268
9186
6142
4429
4654
2929
2589
4951
2157
5692
1957
3552
3481
3525
9668
6664
8542
3942
9452
5949
2455
4761
2174
6121
1159
6763
2852
3534
5267
6872
2882
5829
3822
8647
9675
1462
7141
3874
1355
7788
6289
